<?xml version="1.0" encoding="UTF-8" ?>
<testsuite tests="3" failures="1" name="com.mycompany.sample.MyClassUnitTest" time="0.016" errors="0" skipped="0">
  <properties>
[...]
</properties>
  <testcase classname="com.mycompany.sample.MyClassUnitTest" name="com.mycompany.sample.MyClassUnitTest.testAdd" time="0.002"/>
  <testcase classname="com.mycompany.sample.MyClassUnitTest" name="com.mycompany.sample.MyClassUnitTest.testSub" time="0"/>
  <testcase classname="com.mycompany.sample.MyClassUnitTest" name="com.mycompany.sample.MyClassUnitTest.testMulti" time="0.014">
    <failure message="expected: &lt;true&gt; but was: &lt;false&gt;" type="org.opentest4j.AssertionFailedError">org.opentest4j.AssertionFailedError: expected: &lt;true&gt; but was: &lt;false&gt;
	at org.junit.jupiter.api.AssertionUtils.fail(AssertionUtils.java:55)
	at org.junit.jupiter.api.AssertTrue.assertTrue(AssertTrue.java:40)
	at org.junit.jupiter.api.AssertTrue.assertTrue(AssertTrue.java:35)
	at org.junit.jupiter.api.Assertions.assertTrue(Assertions.java:162)
	at com.mycompany.sample.MyClassUnitTest.testMulti(MyClassUnitTest.java:50)
</failure>
  </testcase>
</testsuite>